Started by user Zhan-Olezhan
Running as SYSTEM
Building in workspace C:\Jenkins\workspace\AT23-TaskC
No credentials specified
 > C:\Git\bin\git.exe rev-parse --is-inside-work-tree # timeout=10
Fetching changes from the remote Git repository
 > C:\Git\bin\git.exe config remote.origin.url https://github.com/Stanishevski/AT2019-03-12.git # timeout=10
Fetching upstream changes from https://github.com/Stanishevski/AT2019-03-12.git
 > C:\Git\bin\git.exe --version # timeout=10
 > C:\Git\bin\git.exe fetch --tags --force --progress https://github.com/Stanishevski/AT2019-03-12.git +refs/heads/*:refs/remotes/origin/*
 > C:\Git\bin\git.exe rev-parse "refs/remotes/origin/master^{commit}" # timeout=10
 > C:\Git\bin\git.exe rev-parse "refs/remotes/origin/origin/master^{commit}" # timeout=10
Checking out Revision 4126590256677fd75c36c1eb904a5862b2d4066a (refs/remotes/origin/master)
 > C:\Git\bin\git.exe config core.sparsecheckout # timeout=10
 > C:\Git\bin\git.exe checkout -f 4126590256677fd75c36c1eb904a5862b2d4066a
Commit message: "at23 A+B"
 > C:\Git\bin\git.exe rev-list --no-walk 4126590256677fd75c36c1eb904a5862b2d4066a # timeout=10
[AT23-TaskC] $ cmd.exe /C "C:\Jenkins\tools\hudson.tasks.Maven_MavenInstallation\Maven\bin\mvn.cmd -f C:\Jenkins\workspace\AT23-TaskC\projects\stanishevski\hellowebdriver package && exit %%ERRORLEVEL%%"
[INFO] Scanning for projects...
[INFO]
[INFO] -----------------< by.it.stanishevski:hellowebdriver >------------------
[INFO] Building hellowebdriver 1.0-SNAPSHOT
[INFO] --------------------------------[ jar ]---------------------------------
[INFO]
[INFO] --- maven-resources-plugin:3.0.2:resources (default-resources) @ hellowebdriver ---
[INFO] Using 'UTF-8' encoding to copy filtered resources.
[INFO] skip non existing resourceDirectory C:\Jenkins\workspace\AT23-TaskC\projects\stanishevski\hellowebdriver\src\main\resources
[INFO]
[INFO] --- maven-compiler-plugin:3.8.0:compile (default-compile) @ hellowebdriver ---
[INFO] Nothing to compile - all classes are up to date
[INFO]
[INFO] --- maven-resources-plugin:3.0.2:testResources (default-testResources) @ hellowebdriver ---
[INFO] Using 'UTF-8' encoding to copy filtered resources.
[INFO] skip non existing resourceDirectory C:\Jenkins\workspace\AT23-TaskC\projects\stanishevski\hellowebdriver\src\test\resources
[INFO]
[INFO] --- maven-compiler-plugin:3.8.0:testCompile (default-testCompile) @ hellowebdriver ---
[INFO] Nothing to compile - all classes are up to date
[INFO]
[INFO] --- maven-surefire-plugin:2.22.1:test (default-test) @ hellowebdriver ---
[INFO]
[INFO] -------------------------------------------------------
[INFO]  T E S T S
[INFO] -------------------------------------------------------
[INFO] Running by.it.stanishevski.CheckGoogleSiteTest
[ERROR] Tests run: 1, Failures: 0, Errors: 1, Skipped: 0, Time elapsed: 0.203 s <<< FAILURE! - in by.it.stanishevski.CheckGoogleSiteTest
[ERROR] userTryFindHelloInGoogle(by.it.stanishevski.CheckGoogleSiteTest)  Time elapsed: 0.125 s  <<< ERROR!
java.lang.IllegalStateException: The path to the driver executable must be set by the webdriver.chrome.driver system property; for more information, see https://github.com/SeleniumHQ/selenium/wiki/ChromeDriver. The latest version can be downloaded from http://chromedriver.storage.googleapis.com/index.html
	at by.it.stanishevski.CheckGoogleSiteTest.userTryFindHelloInGoogle(CheckGoogleSiteTest.java:15)

[INFO] Running by.it.stanishevski.CheckSeleniumSiteTest
[ERROR] Tests run: 1, Failures: 0, Errors: 1, Skipped: 0, Time elapsed: 0 s <<< FAILURE! - in by.it.stanishevski.CheckSeleniumSiteTest
[ERROR] CheckSeleniumSiteTest(by.it.stanishevski.CheckSeleniumSiteTest)  Time elapsed: 0 s  <<< ERROR!
java.lang.IllegalStateException: The path to the driver executable must be set by the webdriver.chrome.driver system property; for more information, see https://github.com/SeleniumHQ/selenium/wiki/ChromeDriver. The latest version can be downloaded from http://chromedriver.storage.googleapis.com/index.html
	at by.it.stanishevski.CheckSeleniumSiteTest.CheckSeleniumSiteTest(CheckSeleniumSiteTest.java:21)

[INFO]
[INFO] Results:
[INFO]
[ERROR] Errors:
[ERROR]   CheckGoogleSiteTest.userTryFindHelloInGoogle:15 » IllegalState The path to the...
[ERROR]   CheckSeleniumSiteTest.CheckSeleniumSiteTest:21 » IllegalState The path to the ...
[INFO]
[ERROR] Tests run: 2, Failures: 0, Errors: 2, Skipped: 0
[INFO]
[INFO] ------------------------------------------------------------------------
[INFO] BUILD FAILURE
[INFO] ------------------------------------------------------------------------
[INFO] Total time:  3.473 s
[INFO] Finished at: 2019-05-21T02:08:39+03:00
[INFO] ------------------------------------------------------------------------
[ERROR] Failed to execute goal org.apache.maven.plugins:maven-surefire-plugin:2.22.1:test (default-test) on project hellowebdriver: There are test failures.
[ERROR]
[ERROR] Please refer to C:\Jenkins\workspace\AT23-TaskC\projects\stanishevski\hellowebdriver\target\surefire-reports for the individual test results.
[ERROR] Please refer to dump files (if any exist) [date].dump, [date]-jvmRun[N].dump and [date].dumpstream.
[ERROR] -> [Help 1]
[ERROR]
[ERROR] To see the full stack trace of the errors, re-run Maven with the -e switch.
[ERROR] Re-run Maven using the -X switch to enable full debug logging.
[ERROR]
[ERROR] For more information about the errors and possible solutions, please read the following articles:
[ERROR] [Help 1] http://cwiki.apache.org/confluence/display/MAVEN/MojoFailureException
Build step 'Вызвать цели Maven верхнего уровня  ' marked build as failure
ERROR: Step ‘Заархивировать артефакты’ failed: Нет артефактов указанных для архивации.
Похоже, вы забыли указать шаблон имени файла, пожалуйста, вернитесь на экран конфигурации и укажите его.
Если вы действительно хотите заархивировать все файлы в сборочной директории, укажите "**"
Finished: FAILURE